2018-04-15 20:04:19 DEBUG InternalLoggerFactory:46 - Using Log4J as the default logging framework
2018-04-15 20:04:19 DEBUG PlatformDependent0:74 - java.nio.Buffer.address: available
2018-04-15 20:04:19 DEBUG PlatformDependent0:82 - sun.misc.Unsafe.theUnsafe: available
2018-04-15 20:04:19 DEBUG PlatformDependent0:91 - sun.misc.Unsafe.copyMemory: available
2018-04-15 20:04:19 DEBUG PlatformDependent0:151 - java.nio.Bits.unaligned: true
2018-04-15 20:04:19 DEBUG PlatformDependent0:155 - java.nio.DirectByteBuffer.<init>(long, int): available
2018-04-15 20:04:19 DEBUG PlatformDependent:791 - Java version: 8
2018-04-15 20:04:19 DEBUG PlatformDependent:798 - -Dio.netty.noUnsafe: false
2018-04-15 20:04:19 DEBUG PlatformDependent:825 - sun.misc.Unsafe: available
2018-04-15 20:04:19 DEBUG PlatformDependent:908 - -Dio.netty.noJavassist: false
2018-04-15 20:04:19 DEBUG PlatformDependent:917 - Javassist: available
2018-04-15 20:04:19 DEBUG PlatformDependent:940 - -Dio.netty.tmpdir: /tmp (java.io.tmpdir)
2018-04-15 20:04:19 DEBUG PlatformDependent:1019 - -Dio.netty.bitMode: 64 (sun.arch.data.model)
2018-04-15 20:04:19 DEBUG PlatformDependent:99 - -Dio.netty.noPreferDirect: false
2018-04-15 20:04:19 DEBUG PlatformDependent:135 - io.netty.maxDirectMemory: 7470055424 bytes
2018-04-15 20:04:19 DEBUG MultithreadEventLoopGroup:41 - -Dio.netty.eventLoopThreads: 16
2018-04-15 20:04:19 DEBUG NioEventLoop:105 - -Dio.netty.noKeySetOptimization: false
2018-04-15 20:04:19 DEBUG NioEventLoop:106 - -Dio.netty.selectorAutoRebuildThreshold: 512
2018-04-15 20:04:19 DEBUG ResourceLeakDetector:106 - -Dio.netty.leakDetection.level: simple
2018-04-15 20:04:19 DEBUG ResourceLeakDetector:107 - -Dio.netty.leakDetection.maxRecords: 4
2018-04-15 20:04:19 DEBUG JavassistTypeParameterMatcherGenerator:78 - Generated: io.netty.util.internal.__matchers__.com.datastax.driver.core.Message$ResponseMatcher
2018-04-15 20:04:19 DEBUG PooledByteBufAllocator:107 - -Dio.netty.allocator.numHeapArenas: 16
2018-04-15 20:04:19 DEBUG PooledByteBufAllocator:108 - -Dio.netty.allocator.numDirectArenas: 16
2018-04-15 20:04:19 DEBUG PooledByteBufAllocator:110 - -Dio.netty.allocator.pageSize: 8192
2018-04-15 20:04:19 DEBUG PooledByteBufAllocator:115 - -Dio.netty.allocator.maxOrder: 11
2018-04-15 20:04:19 DEBUG PooledByteBufAllocator:119 - -Dio.netty.allocator.chunkSize: 16777216
2018-04-15 20:04:19 DEBUG PooledByteBufAllocator:120 - -Dio.netty.allocator.tinyCacheSize: 512
2018-04-15 20:04:19 DEBUG PooledByteBufAllocator:121 - -Dio.netty.allocator.smallCacheSize: 256
2018-04-15 20:04:19 DEBUG PooledByteBufAllocator:122 - -Dio.netty.allocator.normalCacheSize: 64
2018-04-15 20:04:19 DEBUG PooledByteBufAllocator:123 - -Dio.netty.allocator.maxCachedBufferCapacity: 32768
2018-04-15 20:04:19 DEBUG PooledByteBufAllocator:124 - -Dio.netty.allocator.cacheTrimInterval: 8192
2018-04-15 20:04:19 DEBUG JavassistTypeParameterMatcherGenerator:78 - Generated: io.netty.util.internal.__matchers__.com.datastax.driver.core.FrameMatcher
2018-04-15 20:04:19 DEBUG JavassistTypeParameterMatcherGenerator:78 - Generated: io.netty.util.internal.__matchers__.com.datastax.driver.core.Message$RequestMatcher
2018-04-15 20:04:19 DEBUG ThreadLocalRandom:182 - -Dio.netty.initialSeedUniquifier: 0x643e65f98aa2990a (took 0 ms)
2018-04-15 20:04:19 DEBUG ByteBufUtil:70 - -Dio.netty.allocator.type: unpooled
2018-04-15 20:04:19 DEBUG ByteBufUtil:82 - -Dio.netty.threadLocalDirectBufferSize: 65536
2018-04-15 20:04:19 DEBUG ByteBufUtil:85 - -Dio.netty.maxThreadLocalCharBufferSize: 16384
2018-04-15 20:04:19 DEBUG Recycler:69 - -Dio.netty.recycler.maxCapacity.default: 262144
2018-04-15 20:04:19 DEBUG Recycler:70 - -Dio.netty.recycler.linkCapacity: 16
2018-04-15 20:04:19 DEBUG AbstractByteBuf:48 - -Dio.netty.buffer.bytebuf.checkAccessible: true
2018-04-15 20:04:19 INFO  root:46 - Inserted : 
2018-04-15 20:04:19 INFO  root:46 - Inserted : 
2018-04-15 20:04:19 INFO  root:46 - Inserted : 
2018-04-15 20:04:19 INFO  root:46 - Inserted : 
2018-04-15 20:04:19 INFO  root:46 - Inserted : 
2018-04-15 20:04:19 INFO  root:46 - Inserted : 
2018-04-15 20:04:19 INFO  root:46 - Inserted : 
2018-04-15 20:04:19 INFO  root:46 - Inserted : 
2018-04-15 20:04:19 INFO  root:46 - Inserted : 
2018-04-15 20:04:19 INFO  root:46 - Inserted : 
2018-04-15 20:04:19 INFO  root:46 - Inserted : 
2018-04-15 20:04:19 INFO  root:46 - Inserted : 
2018-04-15 20:04:19 INFO  root:46 - Inserted : 
2018-04-15 20:04:19 INFO  root:46 - Inserted : 
2018-04-15 20:04:19 INFO  root:46 - Inserted : 
2018-04-15 20:04:19 INFO  root:46 - Inserted : 
2018-04-15 20:04:19 INFO  root:46 - Inserted : 
2018-04-15 20:04:19 INFO  root:46 - Inserted : 
2018-04-15 20:04:19 INFO  root:46 - Inserted : 
2018-04-15 20:04:19 INFO  root:46 - Inserted : 
2018-04-15 20:04:19 INFO  root:46 - Inserted : 
2018-04-15 20:04:19 INFO  root:46 - Inserted : 
2018-04-15 20:04:19 INFO  root:46 - Inserted : 
2018-04-15 20:04:19 INFO  root:46 - Inserted : 
2018-04-15 20:04:19 INFO  root:46 - Inserted : 
2018-04-15 20:04:19 INFO  root:46 - Inserted : 
2018-04-15 20:04:19 INFO  root:46 - Inserted : 
2018-04-15 20:04:19 INFO  root:46 - Inserted : 
2018-04-15 20:04:19 INFO  root:46 - Inserted : 
2018-04-15 20:04:19 INFO  root:46 - Inserted : 
2018-04-15 20:04:19 INFO  root:46 - Inserted : 
2018-04-15 20:04:19 INFO  root:46 - Inserted : 
2018-04-15 20:04:19 INFO  root:46 - Inserted : 
2018-04-15 20:04:19 INFO  root:46 - Inserted : 
2018-04-15 20:04:19 INFO  root:46 - Inserted : 
2018-04-15 20:04:19 INFO  root:46 - Inserted : 
2018-04-15 20:04:19 INFO  root:46 - Inserted : 
2018-04-15 20:04:19 INFO  root:46 - Inserted : 
2018-04-15 20:04:19 INFO  root:46 - Inserted : 
2018-04-15 20:04:19 INFO  root:46 - Inserted : 
2018-04-15 20:04:19 INFO  root:46 - Inserted : 
2018-04-15 20:04:19 INFO  root:46 - Inserted : 
2018-04-15 20:04:19 INFO  root:46 - Inserted : 
2018-04-15 20:04:19 INFO  root:46 - Inserted : 
2018-04-15 20:04:19 INFO  root:46 - Inserted : 
2018-04-15 20:04:19 INFO  root:46 - Inserted : 
2018-04-15 20:04:19 INFO  root:46 - Inserted : 
2018-04-15 20:04:20 INFO  root:46 - Inserted : 
2018-04-15 20:04:20 INFO  root:46 - Inserted : 
2018-04-15 20:04:20 INFO  root:46 - Inserted : 
2018-04-15 20:04:20 INFO  root:46 - Inserted : 
2018-04-15 20:04:20 INFO  root:46 - Inserted : 
2018-04-15 20:04:20 INFO  root:46 - Inserted : 
2018-04-15 20:04:20 INFO  root:46 - Inserted : 
2018-04-15 20:04:20 INFO  root:46 - Inserted : 
2018-04-15 20:04:20 INFO  root:46 - Inserted : 
2018-04-15 20:04:20 INFO  root:46 - Inserted : 
2018-04-15 20:04:20 INFO  root:46 - Inserted : 
2018-04-15 20:04:20 INFO  root:46 - Inserted : 
2018-04-15 20:04:20 INFO  root:46 - Inserted : 
2018-04-15 20:04:20 INFO  root:46 - Inserted : 
2018-04-15 20:04:20 INFO  root:46 - Inserted : 
2018-04-15 20:04:20 INFO  root:46 - Inserted : 
2018-04-15 20:04:20 INFO  root:46 - Inserted : 
2018-04-15 20:04:20 INFO  root:46 - Inserted : 
2018-04-15 20:04:20 INFO  root:46 - Inserted : 
2018-04-15 20:04:20 INFO  root:46 - Inserted : 
2018-04-15 20:04:20 INFO  root:46 - Inserted : 
2018-04-15 20:04:20 INFO  root:46 - Inserted : 
2018-04-15 20:04:20 INFO  root:46 - Inserted : 
2018-04-15 20:04:20 INFO  root:46 - Inserted : 
2018-04-15 20:04:20 INFO  root:46 - Inserted : 
2018-04-15 20:04:20 INFO  root:46 - Inserted : 
2018-04-15 20:04:20 INFO  root:46 - Inserted : 
2018-04-15 20:04:20 INFO  root:46 - Inserted : 
2018-04-15 20:04:20 INFO  root:46 - Inserted : 
2018-04-15 20:04:20 INFO  root:46 - Inserted : 
2018-04-15 20:04:20 INFO  root:46 - Inserted : 
2018-04-15 20:04:20 INFO  root:46 - Inserted : 
2018-04-15 20:04:20 INFO  root:46 - Inserted : 
2018-04-15 20:04:20 INFO  root:46 - Inserted : 
2018-04-15 20:04:20 INFO  root:46 - Inserted : 
2018-04-15 20:04:20 INFO  root:46 - Inserted : 
2018-04-15 20:04:20 INFO  root:46 - Inserted : 
2018-04-15 20:04:20 INFO  root:46 - Inserted : 
2018-04-15 20:04:20 INFO  root:46 - Inserted : 
2018-04-15 20:04:20 INFO  root:46 - Inserted : 
2018-04-15 20:04:20 INFO  root:46 - Inserted : 
2018-04-15 20:04:20 INFO  root:46 - Inserted : 
2018-04-15 20:04:20 INFO  root:46 - Inserted : 
2018-04-15 20:04:20 INFO  root:46 - Inserted : 
2018-04-15 20:04:20 INFO  root:46 - Inserted : 
2018-04-15 20:04:20 INFO  root:46 - Inserted : 
2018-04-15 20:04:20 INFO  root:46 - Inserted : 
2018-04-15 20:04:20 INFO  root:46 - Inserted : 
2018-04-15 20:04:20 INFO  root:46 - Inserted : 
2018-04-15 20:04:20 INFO  root:46 - Inserted : 
2018-04-15 20:04:20 INFO  root:46 - Inserted : 
2018-04-15 20:04:20 INFO  root:46 - Inserted : 
2018-04-15 20:04:20 INFO  root:46 - Inserted : 
2018-04-15 20:04:20 INFO  root:46 - Inserted : 
2018-04-15 20:04:20 INFO  root:46 - Inserted : 
2018-04-15 20:04:20 INFO  root:46 - Inserted : 
2018-04-15 20:04:20 INFO  root:46 - Inserted : 
2018-04-15 20:04:20 INFO  root:46 - Inserted : 
2018-04-15 20:04:20 INFO  root:46 - Inserted : 
2018-04-15 20:04:20 INFO  root:46 - Inserted : 
2018-04-15 20:04:20 INFO  root:46 - Inserted : 
2018-04-15 20:04:20 INFO  root:46 - Inserted : 
2018-04-15 20:04:20 INFO  root:46 - Inserted : 
2018-04-15 20:04:20 INFO  root:46 - Inserted : 
2018-04-15 20:04:20 INFO  root:46 - Inserted : 
2018-04-15 20:04:20 INFO  root:46 - Inserted : 
2018-04-15 20:04:20 INFO  root:46 - Inserted : 
2018-04-15 20:04:20 INFO  root:46 - Inserted : 
2018-04-15 20:04:20 INFO  root:46 - Inserted : 
2018-04-15 20:04:20 INFO  root:46 - Inserted : 
2018-04-15 20:04:20 INFO  root:46 - Inserted : 
2018-04-15 20:04:20 INFO  root:46 - Inserted : 
2018-04-15 20:04:20 INFO  root:46 - Inserted : 
2018-04-15 20:04:20 INFO  root:46 - Inserted : 
2018-04-15 20:04:20 INFO  root:46 - Inserted : 
2018-04-15 20:04:20 INFO  root:46 - Inserted : 
2018-04-15 20:04:20 INFO  root:46 - Inserted : 
2018-04-15 20:04:20 INFO  root:46 - Inserted : 
2018-04-15 20:04:20 INFO  root:46 - Inserted : 
2018-04-15 20:04:20 INFO  root:46 - Inserted : 
2018-04-15 20:04:20 INFO  root:46 - Inserted : 
2018-04-15 20:04:20 INFO  root:46 - Inserted : 
2018-04-15 20:04:20 INFO  root:46 - Inserted : 
2018-04-15 20:04:20 INFO  root:46 - Inserted : 
2018-04-15 20:04:20 INFO  root:46 - Inserted : 
2018-04-15 20:04:20 INFO  root:46 - Inserted : 
2018-04-15 20:04:20 INFO  root:46 - Inserted : 
2018-04-15 20:04:20 INFO  root:46 - Inserted : 
2018-04-15 20:04:20 INFO  root:46 - Inserted : 
2018-04-15 20:04:20 INFO  root:46 - Inserted : 
2018-04-15 20:04:20 INFO  root:46 - Inserted : 
2018-04-15 20:04:20 INFO  root:46 - Inserted : 
2018-04-15 20:04:20 INFO  root:46 - Inserted : 
2018-04-15 20:04:20 INFO  root:46 - Inserted : 
2018-04-15 20:04:20 INFO  root:46 - Inserted : 
2018-04-15 20:04:20 INFO  root:46 - Inserted : 
2018-04-15 20:04:20 INFO  root:46 - Inserted : 
2018-04-15 20:04:20 INFO  root:46 - Inserted : 
2018-04-15 20:04:20 INFO  root:46 - Inserted : 
2018-04-15 20:04:20 INFO  root:46 - Inserted : 
2018-04-15 20:04:20 INFO  root:46 - Inserted : 
2018-04-15 20:04:20 INFO  root:46 - Inserted : 
2018-04-15 20:04:20 INFO  root:46 - Inserted : 
2018-04-15 20:04:20 INFO  root:46 - Inserted : 
2018-04-15 20:04:20 INFO  root:46 - Inserted : 
2018-04-15 20:04:20 INFO  root:46 - Inserted : 
2018-04-15 20:04:20 INFO  root:46 - Inserted : 
2018-04-15 20:04:20 INFO  root:46 - Inserted : 
2018-04-15 20:04:20 INFO  root:46 - Inserted : 
2018-04-15 20:04:20 INFO  root:46 - Inserted : 
2018-04-15 20:04:20 INFO  root:46 - Inserted : 
2018-04-15 20:04:20 INFO  root:46 - Inserted : 
2018-04-15 20:04:20 INFO  root:46 - Inserted : 
2018-04-15 20:04:20 INFO  root:46 - Inserted : 
2018-04-15 20:04:20 INFO  root:46 - Inserted : 
2018-04-15 20:04:20 INFO  root:46 - Inserted : 
2018-04-15 20:04:20 INFO  root:46 - Inserted : 
2018-04-15 20:04:20 INFO  root:46 - Inserted : 
2018-04-15 20:04:20 INFO  root:46 - Inserted : 
2018-04-15 20:04:20 INFO  root:46 - Inserted : 
2018-04-15 20:04:20 INFO  root:46 - Inserted : 
2018-04-15 20:04:20 INFO  root:46 - Inserted : 
2018-04-15 20:04:20 INFO  root:46 - Inserted : 
2018-04-15 20:04:20 INFO  root:46 - Inserted : 
2018-04-15 20:04:20 INFO  root:46 - Inserted : 
2018-04-15 20:04:20 INFO  root:46 - Inserted : 
2018-04-15 20:04:20 INFO  root:46 - Inserted : 
2018-04-15 20:04:20 INFO  root:46 - Inserted : 
2018-04-15 20:04:20 INFO  root:46 - Inserted : 
2018-04-15 20:04:20 INFO  root:46 - Inserted : 
2018-04-15 20:04:20 INFO  root:46 - Inserted : 
2018-04-15 20:04:20 INFO  root:46 - Inserted : 
2018-04-15 20:04:20 INFO  root:46 - Inserted : 
2018-04-15 20:04:20 INFO  root:46 - Inserted : 
2018-04-15 20:04:20 INFO  root:46 - Inserted : 
2018-04-15 20:04:20 INFO  root:46 - Inserted : 
2018-04-15 20:04:20 INFO  root:46 - Inserted : 
2018-04-15 20:04:20 INFO  root:46 - Inserted : 
2018-04-15 20:04:20 INFO  root:46 - Inserted : 
2018-04-15 20:04:20 INFO  root:46 - Inserted : 
2018-04-15 20:04:20 INFO  root:46 - Inserted : 
2018-04-15 20:04:20 INFO  root:46 - Inserted : 
2018-04-15 20:04:20 INFO  root:46 - Inserted : 
2018-04-15 20:04:20 INFO  root:46 - Inserted : 
2018-04-15 20:04:20 INFO  root:46 - Inserted : 
2018-04-15 20:04:20 INFO  root:46 - Inserted : 
2018-04-15 20:04:20 INFO  root:46 - Inserted : 
2018-04-15 20:04:20 INFO  root:46 - Inserted : 
2018-04-15 20:04:20 INFO  root:46 - Inserted : 
2018-04-15 20:04:20 INFO  root:46 - Inserted : 
2018-04-15 20:04:20 INFO  root:46 - Inserted : 
2018-04-15 20:04:20 INFO  root:46 - Inserted : 
2018-04-15 20:04:20 INFO  root:46 - Inserted : 
2018-04-15 20:04:20 INFO  root:46 - Inserted : 
2018-04-15 20:04:20 INFO  root:46 - Inserted : 
2018-04-15 20:04:20 INFO  root:46 - Inserted : 
2018-04-15 20:04:20 INFO  root:46 - Inserted : 
2018-04-15 20:04:20 INFO  root:46 - Inserted : 
2018-04-15 20:04:20 INFO  root:46 - Inserted : 
2018-04-15 20:04:20 INFO  root:46 - Inserted : 
2018-04-15 20:04:20 INFO  root:46 - Inserted : 
2018-04-15 20:04:20 INFO  root:46 - Inserted : 
2018-04-15 20:04:20 INFO  root:46 - Inserted : 
2018-04-15 20:04:20 INFO  root:46 - Inserted : 
2018-04-15 20:04:20 INFO  root:46 - Inserted : 
2018-04-15 20:04:20 INFO  root:46 - Inserted : 
2018-04-15 20:04:20 INFO  root:46 - Inserted : 
2018-04-15 20:04:20 INFO  root:46 - Inserted : 
2018-04-15 20:04:20 INFO  root:46 - Inserted : 
2018-04-15 20:04:20 INFO  root:46 - Inserted : 
2018-04-15 20:04:20 INFO  root:46 - Inserted : 
2018-04-15 20:04:20 INFO  root:46 - Inserted : 
2018-04-15 20:04:20 INFO  root:46 - Inserted : 
2018-04-15 20:04:20 INFO  root:46 - Inserted : 
2018-04-15 20:04:20 INFO  root:46 - Inserted : 
2018-04-15 20:04:20 INFO  root:46 - Inserted : 
2018-04-15 20:04:20 INFO  root:46 - Inserted : 
2018-04-15 20:04:20 INFO  root:46 - Inserted : 
2018-04-15 20:04:20 INFO  root:46 - Inserted : 
2018-04-15 20:04:20 INFO  root:46 - Inserted : 
2018-04-15 20:04:20 INFO  root:46 - Inserted : 
2018-04-15 20:04:20 INFO  root:46 - Inserted : 
2018-04-15 20:04:20 INFO  root:46 - Inserted : 
2018-04-15 20:04:20 INFO  root:46 - Inserted : 
2018-04-15 20:04:20 INFO  root:46 - Inserted : 
2018-04-15 20:04:20 INFO  root:46 - Inserted : 
2018-04-15 20:04:20 INFO  root:46 - Inserted : 
2018-04-15 20:04:20 INFO  root:46 - Inserted : 
2018-04-15 20:04:20 INFO  root:46 - Inserted : 
2018-04-15 20:04:20 INFO  root:46 - Inserted : 
2018-04-15 20:04:20 INFO  root:46 - Inserted : 
2018-04-15 20:04:20 INFO  root:46 - Inserted : 
2018-04-15 20:04:20 INFO  root:46 - Inserted : 
2018-04-15 20:04:20 INFO  root:46 - Inserted : 
2018-04-15 20:04:20 INFO  root:46 - Inserted : 
2018-04-15 20:04:20 INFO  root:46 - Inserted : 
2018-04-15 20:04:20 INFO  root:46 - Inserted : 
2018-04-15 20:04:20 INFO  root:46 - Inserted : 
2018-04-15 20:04:20 INFO  root:46 - Inserted : 
2018-04-15 20:04:20 INFO  root:46 - Inserted : 
2018-04-15 20:04:20 INFO  root:46 - Inserted : 
2018-04-15 20:04:20 INFO  root:46 - Inserted : 
2018-04-15 20:04:20 INFO  root:46 - Inserted : 
2018-04-15 20:04:20 INFO  root:46 - Inserted : 
2018-04-15 20:04:20 INFO  root:46 - Inserted : 
2018-04-15 20:04:20 INFO  root:46 - Inserted : 
2018-04-15 20:04:20 INFO  root:46 - Inserted : 
2018-04-15 20:04:20 INFO  root:46 - Inserted : 
2018-04-15 20:04:20 INFO  root:46 - Inserted : 
2018-04-15 20:04:20 INFO  root:46 - Inserted : 
2018-04-15 20:04:20 INFO  root:46 - Inserted : 
2018-04-15 20:04:20 INFO  root:46 - Inserted : 
2018-04-15 20:04:20 INFO  root:46 - Inserted : 
2018-04-15 20:04:20 INFO  root:46 - Inserted : 
2018-04-15 20:04:20 INFO  root:46 - Inserted : 
2018-04-15 20:04:20 INFO  root:46 - Inserted : 
2018-04-15 20:04:20 INFO  root:46 - Inserted : 
2018-04-15 20:04:20 INFO  root:46 - Inserted : 
2018-04-15 20:04:20 INFO  root:46 - Inserted : 
2018-04-15 20:04:20 INFO  root:46 - Inserted : 
2018-04-15 20:04:20 INFO  root:46 - Inserted : 
2018-04-15 20:04:20 INFO  root:46 - Inserted : 
2018-04-15 20:04:20 INFO  root:46 - Inserted : 
2018-04-15 20:04:20 INFO  root:46 - Inserted : 
2018-04-15 20:04:20 INFO  root:46 - Inserted : 
2018-04-15 20:04:20 INFO  root:46 - Inserted : 
2018-04-15 20:04:20 INFO  root:46 - Inserted : 
2018-04-15 20:04:20 INFO  root:46 - Inserted : 
2018-04-15 20:04:20 INFO  root:46 - Inserted : 
2018-04-15 20:04:21 INFO  root:46 - Inserted : 
2018-04-15 20:04:21 INFO  root:46 - Inserted : 
2018-04-15 20:04:21 INFO  root:46 - Inserted : 
2018-04-15 20:04:21 INFO  root:46 - Inserted : 
2018-04-15 20:04:21 INFO  root:46 - Inserted : 
2018-04-15 20:04:21 INFO  root:46 - Inserted : 
2018-04-15 20:04:21 INFO  root:46 - Inserted : 
2018-04-15 20:04:21 INFO  root:46 - Inserted : 
2018-04-15 20:04:21 INFO  root:46 - Inserted : 
2018-04-15 20:04:21 INFO  root:46 - Inserted : 
2018-04-15 20:04:21 INFO  root:46 - Inserted : 
2018-04-15 20:04:21 INFO  root:46 - Inserted : 
2018-04-15 20:04:21 INFO  root:46 - Inserted : 
2018-04-15 20:04:21 INFO  root:46 - Inserted : 
2018-04-15 20:04:21 INFO  root:46 - Inserted : 
2018-04-15 20:04:21 INFO  root:46 - Inserted : 
2018-04-15 20:04:21 INFO  root:46 - Inserted : 
2018-04-15 20:04:21 INFO  root:46 - Inserted : 
2018-04-15 20:04:21 INFO  root:46 - Inserted : 
2018-04-15 20:04:21 INFO  root:46 - Inserted : 
2018-04-15 20:04:21 INFO  root:46 - Inserted : 
2018-04-15 20:04:21 INFO  root:46 - Inserted : 
2018-04-15 20:04:21 INFO  root:46 - Inserted : 
2018-04-15 20:04:21 INFO  root:46 - Inserted : 
2018-04-15 20:04:21 INFO  root:46 - Inserted : 
2018-04-15 20:04:21 INFO  root:46 - Inserted : 
2018-04-15 20:04:21 INFO  root:46 - Inserted : 
2018-04-15 20:04:21 INFO  root:46 - Inserted : 
2018-04-15 20:04:21 INFO  root:46 - Inserted : 
2018-04-15 20:04:21 INFO  root:46 - Inserted : 
2018-04-15 20:04:21 INFO  root:46 - Inserted : 
2018-04-15 20:04:21 INFO  root:46 - Inserted : 
2018-04-15 20:04:21 INFO  root:46 - Inserted : 
2018-04-15 20:04:21 INFO  root:46 - Inserted : 
2018-04-15 20:04:21 INFO  root:46 - Inserted : 
2018-04-15 20:04:21 INFO  root:46 - Inserted : 
2018-04-15 20:04:21 INFO  root:46 - Inserted : 
2018-04-15 20:04:21 INFO  root:46 - Inserted : 
2018-04-15 20:04:21 INFO  root:46 - Inserted : 
2018-04-15 20:04:21 INFO  root:46 - Inserted : 
2018-04-15 20:04:21 INFO  root:46 - Inserted : 
2018-04-15 20:04:21 INFO  root:46 - Inserted : 
2018-04-15 20:04:21 INFO  root:46 - Inserted : 
2018-04-15 20:04:21 INFO  root:46 - Inserted : 
2018-04-15 20:04:21 INFO  root:46 - Inserted : 
2018-04-15 20:04:21 INFO  root:46 - Inserted : 
2018-04-15 20:04:21 INFO  root:46 - Inserted : 
2018-04-15 20:04:21 INFO  root:46 - Inserted : 
2018-04-15 20:04:21 INFO  root:46 - Inserted : 
2018-04-15 20:04:21 INFO  root:46 - Inserted : 
2018-04-15 20:04:21 INFO  root:46 - Inserted : 
2018-04-15 20:04:21 INFO  root:46 - Inserted : 
2018-04-15 20:04:21 INFO  root:46 - Inserted : 
2018-04-15 20:04:21 INFO  root:46 - Inserted : 
2018-04-15 20:04:21 INFO  root:46 - Inserted : 
2018-04-15 20:04:21 INFO  root:46 - Inserted : 
2018-04-15 20:04:21 INFO  root:46 - Inserted : 
2018-04-15 20:04:21 INFO  root:46 - Inserted : 
2018-04-15 20:04:21 INFO  root:46 - Inserted : 
2018-04-15 20:04:21 INFO  root:46 - Inserted : 
2018-04-15 20:04:21 INFO  root:46 - Inserted : 
2018-04-15 20:04:21 INFO  root:46 - Inserted : 
2018-04-15 20:04:21 INFO  root:46 - Inserted : 
2018-04-15 20:04:21 INFO  root:46 - Inserted : 
2018-04-15 20:04:21 INFO  root:46 - Inserted : 
2018-04-15 20:04:21 INFO  root:46 - Inserted : 
2018-04-15 20:04:21 INFO  root:46 - Inserted : 
2018-04-15 20:04:21 INFO  root:46 - Inserted : 
2018-04-15 20:04:21 INFO  root:46 - Inserted : 
2018-04-15 20:04:21 INFO  root:46 - Inserted : 
2018-04-15 20:04:21 INFO  root:46 - Inserted : 
2018-04-15 20:04:21 INFO  root:46 - Inserted : 
2018-04-15 20:04:21 INFO  root:46 - Inserted : 
2018-04-15 20:04:21 INFO  root:46 - Inserted : 
2018-04-15 20:04:21 INFO  root:46 - Inserted : 
2018-04-15 20:04:21 INFO  root:46 - Inserted : 
2018-04-15 20:04:21 INFO  root:46 - Inserted : 
2018-04-15 20:04:21 INFO  root:46 - Inserted : 
2018-04-15 20:04:21 INFO  root:46 - Inserted : 
2018-04-15 20:04:21 INFO  root:46 - Inserted : 
2018-04-15 20:04:21 INFO  root:46 - Inserted : 
2018-04-15 20:04:21 INFO  root:46 - Inserted : 
2018-04-15 20:04:21 INFO  root:46 - Inserted : 
2018-04-15 20:04:21 INFO  root:46 - Inserted : 
2018-04-15 20:04:21 INFO  root:46 - Inserted : 
2018-04-15 20:04:21 INFO  root:46 - Inserted : 
2018-04-15 20:04:21 INFO  root:46 - Inserted : 
2018-04-15 20:04:21 INFO  root:46 - Inserted : 
2018-04-15 20:04:21 INFO  root:46 - Inserted : 
2018-04-15 20:04:21 INFO  root:46 - Inserted : 
2018-04-15 20:04:21 INFO  root:46 - Inserted : 
2018-04-15 20:04:21 INFO  root:46 - Inserted : 
2018-04-15 20:04:21 INFO  root:46 - Inserted : 
2018-04-15 20:04:21 INFO  root:46 - Inserted : 
2018-04-15 20:04:21 INFO  root:46 - Inserted : 
2018-04-15 20:04:21 INFO  root:46 - Inserted : 
2018-04-15 20:04:21 INFO  root:46 - Inserted : 
2018-04-15 20:04:21 INFO  root:46 - Inserted : 
2018-04-15 20:04:21 INFO  root:46 - Inserted : 
2018-04-15 20:04:21 INFO  root:46 - Inserted : 
2018-04-15 20:04:21 INFO  root:46 - Inserted : 
2018-04-15 20:04:21 INFO  root:46 - Inserted : 
2018-04-15 20:04:21 INFO  root:46 - Inserted : 
2018-04-15 20:04:21 INFO  root:46 - Inserted : 
2018-04-15 20:04:21 INFO  root:46 - Inserted : 
2018-04-15 20:04:21 INFO  root:46 - Inserted : 
2018-04-15 20:04:21 INFO  root:46 - Inserted : 
2018-04-15 20:04:21 INFO  root:46 - Inserted : 
2018-04-15 20:04:21 INFO  root:46 - Inserted : 
2018-04-15 20:04:21 INFO  root:46 - Inserted : 
2018-04-15 20:04:21 INFO  root:46 - Inserted : 
2018-04-15 20:04:21 INFO  root:46 - Inserted : 
2018-04-15 20:04:21 INFO  root:46 - Inserted : 
2018-04-15 20:04:21 INFO  root:46 - Inserted : 
2018-04-15 20:04:21 INFO  root:46 - Inserted : 
2018-04-15 20:04:21 INFO  root:46 - Inserted : 
2018-04-15 20:04:21 INFO  root:46 - Inserted : 
2018-04-15 20:04:21 INFO  root:46 - Inserted : 
2018-04-15 20:04:21 INFO  root:46 - Inserted : 
2018-04-15 20:04:21 INFO  root:46 - Inserted : 
2018-04-15 20:04:21 INFO  root:46 - Inserted : 
2018-04-15 20:04:21 INFO  root:46 - Inserted : 
2018-04-15 20:04:21 INFO  root:46 - Inserted : 
2018-04-15 20:04:21 INFO  root:46 - Inserted : 
2018-04-15 20:04:21 INFO  root:46 - Inserted : 
2018-04-15 20:04:21 INFO  root:46 - Inserted : 
2018-04-15 20:04:21 INFO  root:46 - Inserted : 
2018-04-15 20:04:21 INFO  root:46 - Inserted : 
2018-04-15 20:04:21 INFO  root:46 - Inserted : 
2018-04-15 20:04:21 INFO  root:46 - Inserted : 
2018-04-15 20:04:21 INFO  root:46 - Inserted : 
2018-04-15 20:04:21 INFO  root:46 - Inserted : 
2018-04-15 20:04:21 INFO  root:46 - Inserted : 
2018-04-15 20:04:21 INFO  root:46 - Inserted : 
2018-04-15 20:04:21 INFO  root:46 - Inserted : 
2018-04-15 20:04:21 INFO  root:46 - Inserted : 
2018-04-15 20:04:21 INFO  root:46 - Inserted : 
2018-04-15 20:04:21 INFO  root:46 - Inserted : 
2018-04-15 20:04:21 INFO  root:46 - Inserted : 
2018-04-15 20:04:21 INFO  root:46 - Inserted : 
2018-04-15 20:04:21 INFO  root:46 - Inserted : 
2018-04-15 20:04:21 INFO  root:46 - Inserted : 
2018-04-15 20:04:21 INFO  root:46 - Inserted : 
2018-04-15 20:04:21 INFO  root:46 - Inserted : 
2018-04-15 20:04:21 INFO  root:46 - Inserted : 
2018-04-15 20:04:21 INFO  root:46 - Inserted : 
2018-04-15 20:04:21 INFO  root:46 - Inserted : 
2018-04-15 20:04:21 INFO  root:46 - Inserted : 
2018-04-15 20:04:21 INFO  root:46 - Inserted : 
2018-04-15 20:04:21 INFO  root:46 - Inserted : 
2018-04-15 20:04:21 INFO  root:46 - Inserted : 
2018-04-15 20:04:21 INFO  root:46 - Inserted : 
2018-04-15 20:04:21 INFO  root:46 - Inserted : 
2018-04-15 20:04:21 INFO  root:46 - Inserted : 
2018-04-15 20:04:21 INFO  root:46 - Inserted : 
2018-04-15 20:04:21 INFO  root:46 - Inserted : 
2018-04-15 20:04:21 INFO  root:46 - Inserted : 
2018-04-15 20:04:21 INFO  root:46 - Inserted : 
2018-04-15 20:04:21 INFO  root:46 - Inserted : 
2018-04-15 20:04:21 INFO  root:46 - Inserted : 
2018-04-15 20:04:21 INFO  root:46 - Inserted : 
2018-04-15 20:04:21 INFO  root:46 - Inserted : 
2018-04-15 20:04:21 INFO  root:46 - Inserted : 
2018-04-15 20:04:21 INFO  root:46 - Inserted : 
2018-04-15 20:04:21 INFO  root:46 - Inserted : 
2018-04-15 20:04:21 INFO  root:46 - Inserted : 
2018-04-15 20:04:21 INFO  root:46 - Inserted : 
2018-04-15 20:04:21 INFO  root:46 - Inserted : 
2018-04-15 20:04:21 INFO  root:46 - Inserted : 
2018-04-15 20:04:21 INFO  root:46 - Inserted : 
2018-04-15 20:04:21 INFO  root:46 - Inserted : 
2018-04-15 20:04:21 INFO  root:46 - Inserted : 
2018-04-15 20:04:21 INFO  root:46 - Inserted : 
2018-04-15 20:04:21 INFO  root:46 - Inserted : 
2018-04-15 20:04:21 INFO  root:46 - Inserted : 
2018-04-15 20:04:21 INFO  root:46 - Inserted : 
2018-04-15 20:04:21 INFO  root:46 - Inserted : 
2018-04-15 20:04:21 INFO  root:46 - Inserted : 
2018-04-15 20:04:21 INFO  root:46 - Inserted : 
2018-04-15 20:04:21 INFO  root:46 - Inserted : 
2018-04-15 20:04:21 INFO  root:46 - Inserted : 
2018-04-15 20:04:21 INFO  root:46 - Inserted : 
2018-04-15 20:04:21 INFO  root:46 - Inserted : 
2018-04-15 20:04:21 INFO  root:46 - Inserted : 
2018-04-15 20:04:21 INFO  root:46 - Inserted : 
2018-04-15 20:04:21 INFO  root:46 - Inserted : 
2018-04-15 20:04:21 INFO  root:46 - Inserted : 
2018-04-15 20:04:21 INFO  root:46 - Inserted : 
2018-04-15 20:04:21 INFO  root:46 - Inserted : 
2018-04-15 20:04:21 INFO  root:46 - Inserted : 
2018-04-15 20:04:21 INFO  root:46 - Inserted : 
2018-04-15 20:04:21 INFO  root:46 - Inserted : 
2018-04-15 20:04:21 INFO  root:46 - Inserted : 
2018-04-15 20:04:21 INFO  root:46 - Inserted : 
2018-04-15 20:04:21 INFO  root:46 - Inserted : 
2018-04-15 20:04:21 INFO  root:46 - Inserted : 
2018-04-15 20:04:21 INFO  root:46 - Inserted : 
2018-04-15 20:04:21 INFO  root:46 - Inserted : 
2018-04-15 20:04:21 INFO  root:46 - Inserted : 
2018-04-15 20:04:21 INFO  root:46 - Inserted : 
2018-04-15 20:04:21 INFO  root:46 - Inserted : 
2018-04-15 20:04:21 INFO  root:46 - Inserted : 
2018-04-15 20:04:21 INFO  root:46 - Inserted : 
2018-04-15 20:04:21 INFO  root:46 - Inserted : 
2018-04-15 20:04:21 INFO  root:46 - Inserted : 
2018-04-15 20:04:21 INFO  root:46 - Inserted : 
2018-04-15 20:04:21 INFO  root:46 - Inserted : 
2018-04-15 20:04:21 INFO  root:46 - Inserted : 
2018-04-15 20:04:21 INFO  root:46 - Inserted : 
2018-04-15 20:04:21 INFO  root:46 - Inserted : 
2018-04-15 20:04:21 INFO  root:46 - Inserted : 
2018-04-15 20:04:21 INFO  root:46 - Inserted : 
2018-04-15 20:04:21 INFO  root:46 - Inserted : 
2018-04-15 20:04:21 INFO  root:46 - Inserted : 
2018-04-15 20:04:21 INFO  root:46 - Inserted : 
2018-04-15 20:04:21 INFO  root:46 - Inserted : 
2018-04-15 20:04:21 INFO  root:46 - Inserted : 
2018-04-15 20:04:21 INFO  root:46 - Inserted : 
2018-04-15 20:04:21 INFO  root:46 - Inserted : 
2018-04-15 20:04:21 INFO  root:46 - Inserted : 
2018-04-15 20:04:21 INFO  root:46 - Inserted : 
2018-04-15 20:04:21 INFO  root:46 - Inserted : 
2018-04-15 20:04:21 INFO  root:46 - Inserted : 
2018-04-15 20:04:21 INFO  root:46 - Inserted : 
2018-04-15 20:04:21 INFO  root:46 - Inserted : 
2018-04-15 20:04:21 INFO  root:46 - Inserted : 
2018-04-15 20:04:21 INFO  root:46 - Inserted : 
2018-04-15 20:04:21 INFO  root:46 - Inserted : 
2018-04-15 20:04:21 INFO  root:46 - Inserted : 
2018-04-15 20:04:21 INFO  root:46 - Inserted : 
2018-04-15 20:04:21 INFO  root:46 - Inserted : 
2018-04-15 20:04:21 INFO  root:46 - Inserted : 
2018-04-15 20:04:21 INFO  root:46 - Inserted : 
2018-04-15 20:04:21 INFO  root:46 - Inserted : 
2018-04-15 20:04:21 INFO  root:46 - Inserted : 
2018-04-15 20:04:21 INFO  root:46 - Inserted : 
2018-04-15 20:04:21 INFO  root:46 - Inserted : 
2018-04-15 20:04:21 INFO  root:46 - Inserted : 
2018-04-15 20:04:21 INFO  root:46 - Inserted : 
2018-04-15 20:04:21 INFO  root:46 - Inserted : 
2018-04-15 20:04:21 INFO  root:46 - Inserted : 
2018-04-15 20:04:21 INFO  root:46 - Inserted : 
2018-04-15 20:04:21 INFO  root:46 - Inserted : 
2018-04-15 20:04:21 INFO  root:46 - Inserted : 
2018-04-15 20:04:21 INFO  root:46 - Inserted : 
2018-04-15 20:04:21 INFO  root:46 - Inserted : 
2018-04-15 20:04:21 INFO  root:46 - Inserted : 
2018-04-15 20:04:21 INFO  root:46 - Inserted : 
2018-04-15 20:04:21 INFO  root:46 - Inserted : 
2018-04-15 20:04:21 INFO  root:46 - Inserted : 
2018-04-15 20:04:21 INFO  root:46 - Inserted : 
2018-04-15 20:04:21 INFO  root:46 - Inserted : 
2018-04-15 20:04:21 INFO  root:46 - Inserted : 
2018-04-15 20:04:21 INFO  root:46 - Inserted : 
2018-04-15 20:04:21 INFO  root:46 - Inserted : 
2018-04-15 20:04:21 INFO  root:46 - Inserted : 
2018-04-15 20:04:22 INFO  root:46 - Inserted : 
2018-04-15 20:04:22 INFO  root:46 - Inserted : 
2018-04-15 20:04:22 INFO  root:46 - Inserted : 
2018-04-15 20:04:22 INFO  root:46 - Inserted : 
2018-04-15 20:04:22 INFO  root:46 - Inserted : 
2018-04-15 20:04:22 INFO  root:46 - Inserted : 
2018-04-15 20:04:22 INFO  root:46 - Inserted : 
2018-04-15 20:04:22 INFO  root:46 - Inserted : 
2018-04-15 20:04:22 INFO  root:46 - Inserted : 
2018-04-15 20:04:22 INFO  root:46 - Inserted : 
2018-04-15 20:04:22 INFO  root:46 - Inserted : 
2018-04-15 20:04:22 INFO  root:46 - Inserted : 
2018-04-15 20:04:22 INFO  root:46 - Inserted : 
2018-04-15 20:04:22 INFO  root:46 - Inserted : 
2018-04-15 20:04:22 INFO  root:46 - Inserted : 
2018-04-15 20:04:22 INFO  root:46 - Inserted : 
2018-04-15 20:04:22 INFO  root:46 - Inserted : 
2018-04-15 20:04:22 INFO  root:46 - Inserted : 
2018-04-15 20:04:22 INFO  root:46 - Inserted : 
2018-04-15 20:04:22 INFO  root:46 - Inserted : 
2018-04-15 20:04:22 INFO  root:46 - Inserted : 
2018-04-15 20:04:22 INFO  root:46 - Inserted : 
2018-04-15 20:04:22 INFO  root:46 - Inserted : 
2018-04-15 20:04:22 INFO  root:46 - Inserted : 
2018-04-15 20:04:22 INFO  root:46 - Inserted : 
2018-04-15 20:04:22 INFO  root:46 - Inserted : 
2018-04-15 20:04:22 INFO  root:46 - Inserted : 
2018-04-15 20:04:22 INFO  root:46 - Inserted : 
2018-04-15 20:04:22 INFO  root:46 - Inserted : 
2018-04-15 20:04:22 INFO  root:46 - Inserted : 
2018-04-15 20:04:22 INFO  root:46 - Inserted : 
2018-04-15 20:04:22 INFO  root:46 - Inserted : 
2018-04-15 20:04:22 INFO  root:46 - Inserted : 
2018-04-15 20:04:22 INFO  root:46 - Inserted : 
2018-04-15 20:04:22 INFO  root:46 - Inserted : 
2018-04-15 20:04:22 INFO  root:46 - Inserted : 
2018-04-15 20:04:22 INFO  root:46 - Inserted : 
2018-04-15 20:04:22 INFO  root:46 - Inserted : 
2018-04-15 20:04:22 INFO  root:46 - Inserted : 
2018-04-15 20:04:22 INFO  root:46 - Inserted : 
2018-04-15 20:04:22 INFO  root:46 - Inserted : 
2018-04-15 20:04:22 INFO  root:46 - Inserted : 
2018-04-15 20:04:22 INFO  root:46 - Inserted : 
2018-04-15 20:04:22 INFO  root:46 - Inserted : 
2018-04-15 20:04:22 INFO  root:46 - Inserted : 
2018-04-15 20:04:22 INFO  root:46 - Inserted : 
2018-04-15 20:04:22 INFO  root:46 - Inserted : 
2018-04-15 20:04:22 INFO  root:46 - Inserted : 
2018-04-15 20:04:22 INFO  root:46 - Inserted : 
2018-04-15 20:04:22 INFO  root:46 - Inserted : 
2018-04-15 20:04:22 INFO  root:46 - Inserted : 
2018-04-15 20:04:22 INFO  root:46 - Inserted : 
2018-04-15 20:04:22 INFO  root:46 - Inserted : 
2018-04-15 20:04:22 INFO  root:46 - Inserted : 
2018-04-15 20:04:22 INFO  root:46 - Inserted : 
2018-04-15 20:04:22 INFO  root:46 - Inserted : 
2018-04-15 20:04:22 INFO  root:46 - Inserted : 
2018-04-15 20:04:22 INFO  root:46 - Inserted : 
2018-04-15 20:04:22 INFO  root:46 - Inserted : 
2018-04-15 20:04:22 INFO  root:46 - Inserted : 
2018-04-15 20:04:22 INFO  root:46 - Inserted : 
2018-04-15 20:04:22 INFO  root:46 - Inserted : 
2018-04-15 20:04:22 INFO  root:46 - Inserted : 
2018-04-15 20:04:22 INFO  root:46 - Inserted : 
2018-04-15 20:04:22 INFO  root:46 - Inserted : 
2018-04-15 20:04:22 INFO  root:46 - Inserted : 
2018-04-15 20:04:22 INFO  root:46 - Inserted : 
2018-04-15 20:04:22 INFO  root:46 - Inserted : 
2018-04-15 20:04:22 INFO  root:46 - Inserted : 
2018-04-15 20:04:22 INFO  root:46 - Inserted : 
2018-04-15 20:04:22 INFO  root:46 - Inserted : 
2018-04-15 20:04:22 INFO  root:46 - Inserted : 
2018-04-15 20:04:22 INFO  root:46 - Inserted : 
2018-04-15 20:04:22 INFO  root:46 - Inserted : 
2018-04-15 20:04:22 INFO  root:46 - Inserted : 
2018-04-15 20:04:22 INFO  root:46 - Inserted : 
2018-04-15 20:04:22 INFO  root:46 - Inserted : 
2018-04-15 20:04:22 INFO  root:46 - Inserted : 
2018-04-15 20:04:22 INFO  root:46 - Inserted : 
2018-04-15 20:04:22 INFO  root:46 - Inserted : 
2018-04-15 20:04:22 INFO  root:46 - Inserted : 
2018-04-15 20:04:22 INFO  root:46 - Inserted : 
2018-04-15 20:04:22 INFO  root:46 - Inserted : 
2018-04-15 20:04:22 INFO  root:46 - Inserted : 
2018-04-15 20:04:22 INFO  root:46 - Inserted : 
2018-04-15 20:04:22 INFO  root:46 - Inserted : 
2018-04-15 20:04:22 INFO  root:46 - Inserted : 
2018-04-15 20:04:22 INFO  root:46 - Inserted : 
2018-04-15 20:04:22 INFO  root:46 - Inserted : 
2018-04-15 20:04:22 INFO  root:46 - Inserted : 
2018-04-15 20:04:22 INFO  root:46 - Inserted : 
2018-04-15 20:04:22 INFO  root:46 - Inserted : 
2018-04-15 20:04:22 INFO  root:46 - Inserted : 
2018-04-15 20:04:22 INFO  root:46 - Inserted : 
2018-04-15 20:04:22 INFO  root:46 - Inserted : 
2018-04-15 20:04:22 INFO  root:46 - Inserted : 
2018-04-15 20:04:22 INFO  root:46 - Inserted : 
2018-04-15 20:04:22 INFO  root:46 - Inserted : 
2018-04-15 20:04:22 INFO  root:46 - Inserted : 
2018-04-15 20:04:22 INFO  root:46 - Inserted : 
2018-04-15 20:04:22 INFO  root:46 - Inserted : 
2018-04-15 20:04:22 INFO  root:46 - Inserted : 
2018-04-15 20:04:22 INFO  root:46 - Inserted : 
2018-04-15 20:04:22 INFO  root:46 - Inserted : 
2018-04-15 20:04:22 INFO  root:46 - Inserted : 
2018-04-15 20:04:22 INFO  root:46 - Inserted : 
2018-04-15 20:04:22 INFO  root:46 - Inserted : 
2018-04-15 20:04:22 INFO  root:46 - Inserted : 
2018-04-15 20:04:22 INFO  root:46 - Inserted : 
2018-04-15 20:04:22 INFO  root:46 - Inserted : 
2018-04-15 20:04:22 INFO  root:46 - Inserted : 
2018-04-15 20:04:22 INFO  root:46 - Inserted : 
2018-04-15 20:04:22 INFO  root:46 - Inserted : 
2018-04-15 20:04:22 INFO  root:46 - Inserted : 
2018-04-15 20:04:22 INFO  root:46 - Inserted : 
2018-04-15 20:04:22 INFO  root:46 - Inserted : 
2018-04-15 20:04:22 INFO  root:46 - Inserted : 
2018-04-15 20:04:22 INFO  root:46 - Inserted : 
2018-04-15 20:04:22 INFO  root:46 - Inserted : 
2018-04-15 20:04:22 INFO  root:46 - Inserted : 
2018-04-15 20:04:22 INFO  root:46 - Inserted : 
2018-04-15 20:04:22 INFO  root:46 - Inserted : 
2018-04-15 20:04:22 INFO  root:46 - Inserted : 
2018-04-15 20:04:22 INFO  root:46 - Inserted : 
2018-04-15 20:04:22 INFO  root:46 - Inserted : 
2018-04-15 20:04:22 INFO  root:46 - Inserted : 
2018-04-15 20:04:22 INFO  root:46 - Inserted : 
2018-04-15 20:04:22 INFO  root:46 - Inserted : 
2018-04-15 20:04:22 INFO  root:46 - Inserted : 
2018-04-15 20:04:22 INFO  root:46 - Inserted : 
2018-04-15 20:04:22 INFO  root:46 - Inserted : 
2018-04-15 20:04:22 INFO  root:46 - Inserted : 
2018-04-15 20:04:22 INFO  root:46 - Inserted : 
2018-04-15 20:04:22 INFO  root:46 - Inserted : 
2018-04-15 20:04:22 INFO  root:46 - Inserted : 
2018-04-15 20:04:22 INFO  root:46 - Inserted : 
2018-04-15 20:04:22 INFO  root:46 - Inserted : 
2018-04-15 20:04:22 INFO  root:46 - Inserted : 
2018-04-15 20:04:22 INFO  root:46 - Inserted : 
2018-04-15 20:04:22 INFO  root:46 - Inserted : 
2018-04-15 20:04:22 INFO  root:46 - Inserted : 
2018-04-15 20:04:22 INFO  root:46 - Inserted : 
2018-04-15 20:04:22 INFO  root:46 - Inserted : 
2018-04-15 20:04:22 INFO  root:46 - Inserted : 
2018-04-15 20:04:22 INFO  root:46 - Inserted : 
2018-04-15 20:04:22 INFO  root:46 - Inserted : 
2018-04-15 20:04:22 INFO  root:46 - Inserted : 
2018-04-15 20:04:22 INFO  root:46 - Inserted : 
2018-04-15 20:04:22 INFO  root:46 - Inserted : 
2018-04-15 20:04:22 INFO  root:46 - Inserted : 
2018-04-15 20:04:22 INFO  root:46 - Inserted : 
2018-04-15 20:04:22 INFO  root:46 - Inserted : 
2018-04-15 20:04:22 INFO  root:46 - Inserted : 
2018-04-15 20:04:22 INFO  root:46 - Inserted : 
2018-04-15 20:04:22 INFO  root:46 - Inserted : 
2018-04-15 20:04:22 INFO  root:46 - Inserted : 
2018-04-15 20:04:22 INFO  root:46 - Inserted : 
2018-04-15 20:04:22 INFO  root:46 - Inserted : 
2018-04-15 20:04:22 INFO  root:46 - Inserted : 
2018-04-15 20:04:22 INFO  root:46 - Inserted : 
2018-04-15 20:04:22 INFO  root:46 - Inserted : 
2018-04-15 20:04:22 INFO  root:46 - Inserted : 
2018-04-15 20:04:22 INFO  root:46 - Inserted : 
2018-04-15 20:04:22 INFO  root:46 - Inserted : 
2018-04-15 20:04:22 INFO  root:46 - Inserted : 
2018-04-15 20:04:22 INFO  root:46 - Inserted : 
2018-04-15 20:04:22 INFO  root:46 - Inserted : 
2018-04-15 20:04:22 INFO  root:46 - Inserted : 
2018-04-15 20:04:22 INFO  root:46 - Inserted : 
2018-04-15 20:04:22 INFO  root:46 - Inserted : 
2018-04-15 20:04:22 INFO  root:46 - Inserted : 
2018-04-15 20:04:22 INFO  root:46 - Inserted : 
2018-04-15 20:04:22 INFO  root:46 - Inserted : 
2018-04-15 20:04:22 INFO  root:46 - Inserted : 
2018-04-15 20:04:22 INFO  root:46 - Inserted : 
2018-04-15 20:04:22 INFO  root:46 - Inserted : 
2018-04-15 20:04:22 INFO  root:46 - Inserted : 
2018-04-15 20:04:22 INFO  root:46 - Inserted : 
2018-04-15 20:04:22 INFO  root:46 - Inserted : 
2018-04-15 20:04:22 INFO  root:46 - Inserted : 
2018-04-15 20:04:22 INFO  root:46 - Inserted : 
2018-04-15 20:04:22 INFO  root:46 - Inserted : 
2018-04-15 20:04:22 INFO  root:46 - Inserted : 
2018-04-15 20:04:22 INFO  root:46 - Inserted : 
2018-04-15 20:04:22 INFO  root:46 - Inserted : 
2018-04-15 20:04:22 INFO  root:46 - Inserted : 
2018-04-15 20:04:22 INFO  root:46 - Inserted : 
2018-04-15 20:04:22 INFO  root:46 - Inserted : 
2018-04-15 20:04:22 INFO  root:46 - Inserted : 
2018-04-15 20:04:22 INFO  root:46 - Inserted : 
2018-04-15 20:04:22 INFO  root:46 - Inserted : 
2018-04-15 20:04:22 INFO  root:46 - Inserted : 
2018-04-15 20:04:22 INFO  root:46 - Inserted : 
2018-04-15 20:04:22 INFO  root:46 - Inserted : 
2018-04-15 20:04:22 INFO  root:46 - Inserted : 
2018-04-15 20:04:22 INFO  root:46 - Inserted : 
2018-04-15 20:04:22 INFO  root:46 - Inserted : 
2018-04-15 20:04:22 INFO  root:46 - Inserted : 
2018-04-15 20:04:22 INFO  root:46 - Inserted : 
2018-04-15 20:04:22 INFO  root:46 - Inserted : 
2018-04-15 20:04:22 INFO  root:46 - Inserted : 
2018-04-15 20:04:22 INFO  root:46 - Inserted : 
2018-04-15 20:04:22 INFO  root:46 - Inserted : 
2018-04-15 20:04:22 INFO  root:46 - Inserted : 
2018-04-15 20:04:22 INFO  root:46 - Inserted : 
2018-04-15 20:04:22 INFO  root:46 - Inserted : 
2018-04-15 20:04:22 INFO  root:46 - Inserted : 
2018-04-15 20:04:22 INFO  root:46 - Inserted : 
2018-04-15 20:04:22 INFO  root:46 - Inserted : 
2018-04-15 20:04:22 INFO  root:46 - Inserted : 
2018-04-15 20:04:22 INFO  root:46 - Inserted : 
2018-04-15 20:04:22 INFO  root:46 - Inserted : 
2018-04-15 20:04:22 INFO  root:46 - Inserted : 
2018-04-15 20:04:22 INFO  root:46 - Inserted : 
2018-04-15 20:04:22 INFO  root:46 - Inserted : 
2018-04-15 20:04:22 INFO  root:46 - Inserted : 
2018-04-15 20:04:22 INFO  root:46 - Inserted : 
2018-04-15 20:04:22 INFO  root:46 - Inserted : 
2018-04-15 20:04:22 INFO  root:46 - Inserted : 
2018-04-15 20:04:22 INFO  root:46 - Inserted : 
2018-04-15 20:04:22 INFO  root:46 - Inserted : 
2018-04-15 20:04:22 INFO  root:46 - Inserted : 
2018-04-15 20:04:22 INFO  root:46 - Inserted : 
2018-04-15 20:04:22 INFO  root:46 - Inserted : 
2018-04-15 20:04:22 INFO  root:46 - Inserted : 
2018-04-15 20:04:22 INFO  root:46 - Inserted : 
2018-04-15 20:04:22 INFO  root:46 - Inserted : 
2018-04-15 20:04:22 INFO  root:46 - Inserted : 
2018-04-15 20:04:22 INFO  root:46 - Inserted : 
2018-04-15 20:04:22 INFO  root:46 - Inserted : 
2018-04-15 20:04:22 INFO  root:46 - Inserted : 
2018-04-15 20:04:22 INFO  root:46 - Inserted : 
2018-04-15 20:04:22 INFO  root:46 - Inserted : 
2018-04-15 20:04:22 INFO  root:46 - Inserted : 
2018-04-15 20:04:22 INFO  root:46 - Inserted : 
2018-04-15 20:04:22 INFO  root:46 - Inserted : 
2018-04-15 20:04:22 INFO  root:46 - Inserted : 
2018-04-15 20:04:22 INFO  root:46 - Inserted : 
2018-04-15 20:04:22 INFO  root:46 - Inserted : 
2018-04-15 20:04:22 INFO  root:46 - Inserted : 
2018-04-15 20:04:22 INFO  root:46 - Inserted : 
2018-04-15 20:04:22 INFO  root:46 - Inserted : 
2018-04-15 20:04:22 INFO  root:46 - Inserted : 
2018-04-15 20:04:22 INFO  root:46 - Inserted : 
2018-04-15 20:04:22 INFO  root:46 - Inserted : 
2018-04-15 20:04:22 INFO  root:46 - Inserted : 
2018-04-15 20:04:22 INFO  root:46 - Inserted : 
2018-04-15 20:04:22 INFO  root:46 - Inserted : 
2018-04-15 20:04:22 INFO  root:46 - Inserted : 
2018-04-15 20:04:22 INFO  root:46 - Inserted : 
2018-04-15 20:04:22 INFO  root:46 - Inserted : 
2018-04-15 20:04:22 INFO  root:46 - Inserted : 
2018-04-15 20:04:22 INFO  root:46 - Inserted : 
2018-04-15 20:04:22 INFO  root:46 - Inserted : 
2018-04-15 20:04:22 INFO  root:46 - Inserted : 
2018-04-15 20:04:22 INFO  root:46 - Inserted : 
2018-04-15 20:04:22 INFO  root:46 - Inserted : 
2018-04-15 20:04:22 INFO  root:46 - Inserted : 
2018-04-15 20:04:22 INFO  root:46 - Inserted : 
2018-04-15 20:04:22 INFO  root:46 - Inserted : 
2018-04-15 20:04:22 INFO  root:46 - Inserted : 
2018-04-15 20:04:22 INFO  root:46 - Inserted : 
2018-04-15 20:04:22 INFO  root:46 - Inserted : 
2018-04-15 20:04:22 INFO  root:46 - Inserted : 
2018-04-15 20:04:22 INFO  root:46 - Inserted : 
2018-04-15 20:04:22 INFO  root:46 - Inserted : 
2018-04-15 20:04:22 INFO  root:46 - Inserted : 
2018-04-15 20:04:22 INFO  root:46 - Inserted : 
2018-04-15 20:04:22 INFO  root:46 - Inserted : 
2018-04-15 20:04:22 INFO  root:46 - Inserted : 
2018-04-15 20:04:22 INFO  root:46 - Inserted : 
2018-04-15 20:04:22 INFO  root:46 - Inserted : 
2018-04-15 20:04:22 INFO  root:46 - Inserted : 
2018-04-15 20:04:22 INFO  root:46 - Inserted : 
2018-04-15 20:04:22 INFO  root:46 - Inserted : 
2018-04-15 20:04:22 INFO  root:46 - Inserted : 
2018-04-15 20:04:22 INFO  root:46 - Inserted : 
2018-04-15 20:04:22 INFO  root:46 - Inserted : 
2018-04-15 20:04:22 INFO  root:46 - Inserted : 
2018-04-15 20:04:22 INFO  root:46 - Inserted : 
2018-04-15 20:04:22 INFO  root:46 - Inserted : 
2018-04-15 20:04:22 INFO  root:46 - Inserted : 
2018-04-15 20:04:22 INFO  root:46 - Inserted : 
2018-04-15 20:04:22 INFO  root:46 - Inserted : 
2018-04-15 20:04:22 INFO  root:46 - Inserted : 
2018-04-15 20:04:22 INFO  root:46 - Inserted : 
2018-04-15 20:04:22 INFO  root:46 - Inserted : 
2018-04-15 20:04:22 INFO  root:46 - Inserted : 
2018-04-15 20:04:22 INFO  root:46 - Inserted : 
2018-04-15 20:04:22 INFO  root:46 - Inserted : 
2018-04-15 20:04:22 INFO  root:46 - Inserted : 
2018-04-15 20:04:22 INFO  root:46 - Inserted : 
2018-04-15 20:04:22 INFO  root:46 - Inserted : 
2018-04-15 20:04:22 INFO  root:46 - Inserted : 
2018-04-15 20:04:22 INFO  root:46 - Inserted : 
2018-04-15 20:04:22 INFO  root:46 - Inserted : 
2018-04-15 20:04:22 INFO  root:46 - Inserted : 
2018-04-15 20:04:22 INFO  root:46 - Inserted : 
2018-04-15 20:04:22 INFO  root:46 - Inserted : 
2018-04-15 20:04:22 INFO  root:46 - Inserted : 
2018-04-15 20:04:22 INFO  root:46 - Inserted : 
2018-04-15 20:04:22 INFO  root:46 - Inserted : 
2018-04-15 20:04:22 INFO  root:46 - Inserted : 
2018-04-15 20:04:23 INFO  root:46 - Inserted : 
2018-04-15 20:04:23 INFO  root:46 - Inserted : 
2018-04-15 20:04:23 INFO  root:46 - Inserted : 
2018-04-15 20:04:23 INFO  root:46 - Inserted : 
2018-04-15 20:04:23 INFO  root:46 - Inserted : 
2018-04-15 20:04:23 INFO  root:46 - Inserted : 
2018-04-15 20:04:23 INFO  root:46 - Inserted : 
2018-04-15 20:04:23 INFO  root:46 - Inserted : 
2018-04-15 20:04:23 INFO  root:46 - Inserted : 
2018-04-15 20:04:23 INFO  root:46 - Inserted : 
2018-04-15 20:04:23 INFO  root:46 - Inserted : 
2018-04-15 20:04:23 INFO  root:46 - Inserted : 
2018-04-15 20:04:23 INFO  root:46 - Inserted : 
2018-04-15 20:04:23 INFO  root:46 - Inserted : 
2018-04-15 20:04:23 INFO  root:46 - Inserted : 
2018-04-15 20:04:23 INFO  root:46 - Inserted : 
2018-04-15 20:04:23 INFO  root:46 - Inserted : 
2018-04-15 20:04:23 INFO  root:46 - Inserted : 
2018-04-15 20:04:23 INFO  root:46 - Inserted : 
2018-04-15 20:04:23 INFO  root:46 - Inserted : 
2018-04-15 20:04:23 INFO  root:46 - Inserted : 
2018-04-15 20:04:23 INFO  root:46 - Inserted : 
2018-04-15 20:04:23 INFO  root:46 - Inserted : 
2018-04-15 20:04:23 INFO  root:46 - Inserted : 
2018-04-15 20:04:23 INFO  root:46 - Inserted : 
2018-04-15 20:04:23 INFO  root:46 - Inserted : 
2018-04-15 20:04:23 INFO  root:46 - Inserted : 
2018-04-15 20:04:23 INFO  root:46 - Inserted : 
2018-04-15 20:04:23 INFO  root:46 - Inserted : 
2018-04-15 20:04:23 INFO  root:46 - Inserted : 
2018-04-15 20:04:23 INFO  root:46 - Inserted : 
2018-04-15 20:04:23 INFO  root:46 - Inserted : 
2018-04-15 20:04:23 INFO  root:46 - Inserted : 
2018-04-15 20:04:23 INFO  root:46 - Inserted : 
2018-04-15 20:04:23 INFO  root:46 - Inserted : 
2018-04-15 20:04:23 INFO  root:46 - Inserted : 
2018-04-15 20:04:23 INFO  root:46 - Inserted : 
2018-04-15 20:04:23 INFO  root:46 - Inserted : 
2018-04-15 20:04:23 INFO  root:46 - Inserted : 
2018-04-15 20:04:23 INFO  root:46 - Inserted : 
2018-04-15 20:04:23 INFO  root:46 - Inserted : 
2018-04-15 20:04:23 INFO  root:46 - Inserted : 
2018-04-15 20:04:23 INFO  root:46 - Inserted : 
2018-04-15 20:04:23 INFO  root:46 - Inserted : 
2018-04-15 20:04:23 INFO  root:46 - Inserted : 
2018-04-15 20:04:23 INFO  root:46 - Inserted : 
2018-04-15 20:04:23 INFO  root:46 - Inserted : 
2018-04-15 20:04:23 INFO  root:46 - Inserted : 
2018-04-15 20:04:23 INFO  root:46 - Inserted : 
2018-04-15 20:04:23 INFO  root:46 - Inserted : 
2018-04-15 20:04:23 INFO  root:46 - Inserted : 
2018-04-15 20:04:23 INFO  root:46 - Inserted : 
2018-04-15 20:04:23 INFO  root:46 - Inserted : 
2018-04-15 20:04:23 INFO  root:46 - Inserted : 
2018-04-15 20:04:23 INFO  root:46 - Inserted : 
2018-04-15 20:04:23 INFO  root:46 - Inserted : 
2018-04-15 20:04:23 INFO  root:46 - Inserted : 
2018-04-15 20:04:23 INFO  root:46 - Inserted : 
2018-04-15 20:04:23 INFO  root:46 - Inserted : 
2018-04-15 20:04:23 INFO  root:46 - Inserted : 
2018-04-15 20:04:23 INFO  root:46 - Inserted : 
2018-04-15 20:04:23 INFO  root:46 - Inserted : 
2018-04-15 20:04:23 INFO  root:46 - Inserted : 
2018-04-15 20:04:23 INFO  root:46 - Inserted : 
2018-04-15 20:04:23 INFO  root:46 - Inserted : 
2018-04-15 20:04:23 INFO  root:46 - Inserted : 
2018-04-15 20:04:23 INFO  root:46 - Inserted : 
2018-04-15 20:04:23 INFO  root:46 - Inserted : 
2018-04-15 20:04:23 INFO  root:46 - Inserted : 
2018-04-15 20:04:23 INFO  root:46 - Inserted : 
2018-04-15 20:04:23 INFO  root:46 - Inserted : 
2018-04-15 20:04:23 INFO  root:46 - Inserted : 
2018-04-15 20:04:23 INFO  root:46 - Inserted : 
2018-04-15 20:04:23 INFO  root:46 - Inserted : 
2018-04-15 20:04:23 INFO  root:46 - Inserted : 
2018-04-15 20:04:23 INFO  root:46 - Inserted : 
2018-04-15 20:04:23 INFO  root:46 - Inserted : 
2018-04-15 20:04:23 INFO  root:46 - Inserted : 
2018-04-15 20:04:23 INFO  root:46 - Inserted : 
2018-04-15 20:04:23 INFO  root:46 - Inserted : 
2018-04-15 20:04:23 INFO  root:46 - Inserted : 
2018-04-15 20:04:23 INFO  root:46 - Inserted : 
2018-04-15 20:04:23 INFO  root:46 - Inserted : 
2018-04-15 20:04:23 INFO  root:46 - Inserted : 
2018-04-15 20:04:23 INFO  root:46 - Inserted : 
2018-04-15 20:04:23 INFO  root:46 - Inserted : 
2018-04-15 20:04:23 INFO  root:46 - Inserted : 
2018-04-15 20:04:23 INFO  root:46 - Inserted : 
2018-04-15 20:04:23 INFO  root:46 - Inserted : 
2018-04-15 20:04:23 INFO  root:46 - Inserted : 
2018-04-15 20:04:23 INFO  root:46 - Inserted : 
2018-04-15 20:04:23 INFO  root:46 - Inserted : 
2018-04-15 20:04:23 INFO  root:46 - Inserted : 
2018-04-15 20:04:23 INFO  root:46 - Inserted : 
2018-04-15 20:04:23 INFO  root:46 - Inserted : 
2018-04-15 20:04:23 INFO  root:46 - Inserted : 
2018-04-15 20:04:23 INFO  root:46 - Inserted : 
2018-04-15 20:04:23 INFO  root:46 - Inserted : 
2018-04-15 20:04:23 INFO  root:46 - Inserted : 
2018-04-15 20:04:23 INFO  root:46 - Inserted : 
2018-04-15 20:04:23 INFO  root:46 - Inserted : 
2018-04-15 20:04:23 INFO  root:46 - Inserted : 
2018-04-15 20:04:23 INFO  root:46 - Inserted : 
2018-04-15 20:04:23 INFO  root:46 - Inserted : 
2018-04-15 20:04:23 INFO  root:46 - Inserted : 
2018-04-15 20:04:23 INFO  root:46 - Inserted : 
2018-04-15 20:04:23 INFO  root:46 - Inserted : 
2018-04-15 20:04:23 INFO  root:46 - Inserted : 
2018-04-15 20:04:23 INFO  root:46 - Inserted : 
2018-04-15 20:04:23 INFO  root:46 - Inserted : 
2018-04-15 20:04:23 INFO  root:46 - Inserted : 
2018-04-15 20:04:23 INFO  root:46 - Inserted : 
2018-04-15 20:04:23 INFO  root:46 - Inserted : 
2018-04-15 20:04:23 INFO  root:46 - Inserted : 
2018-04-15 20:04:23 INFO  root:46 - Inserted : 
2018-04-15 20:04:23 INFO  root:46 - Inserted : 
2018-04-15 20:04:23 INFO  root:46 - Inserted : 
2018-04-15 20:04:23 INFO  root:46 - Inserted : 
2018-04-15 20:04:23 INFO  root:46 - Inserted : 
2018-04-15 20:04:23 INFO  root:46 - Inserted : 
2018-04-15 20:04:23 INFO  root:46 - Inserted : 
2018-04-15 20:04:23 INFO  root:46 - Inserted : 
2018-04-15 20:04:23 INFO  root:46 - Inserted : 
2018-04-15 20:04:23 INFO  root:46 - Inserted : 
2018-04-15 20:04:23 INFO  root:46 - Inserted : 
2018-04-15 20:04:23 INFO  root:46 - Inserted : 
2018-04-15 20:04:23 INFO  root:46 - Inserted : 
2018-04-15 20:04:23 INFO  root:46 - Inserted : 
2018-04-15 20:04:23 INFO  root:46 - Inserted : 
2018-04-15 20:04:23 INFO  root:46 - Inserted : 
2018-04-15 20:04:23 INFO  root:46 - Inserted : 
2018-04-15 20:04:23 INFO  root:46 - Inserted : 
2018-04-15 20:04:23 INFO  root:46 - Inserted : 
2018-04-15 20:04:23 INFO  root:46 - Inserted : 
2018-04-15 20:04:23 INFO  root:46 - Inserted : 
2018-04-15 20:04:23 INFO  root:46 - Inserted : 
2018-04-15 20:04:23 INFO  root:46 - Inserted : 
2018-04-15 20:04:23 INFO  root:46 - Inserted : 
2018-04-15 20:04:23 INFO  root:46 - Inserted : 
2018-04-15 20:04:23 INFO  root:46 - Inserted : 
2018-04-15 20:04:23 INFO  root:46 - Inserted : 
2018-04-15 20:04:23 INFO  root:46 - Inserted : 
2018-04-15 20:04:23 INFO  root:46 - Inserted : 
2018-04-15 20:04:23 INFO  root:46 - Inserted : 
